[262498:262498:0326/170242.928683:INFO:chrome_browser_cloud_management_controller.cc(196)] No machine level policy manager exists.
[262550:262550:0326/170243.038375:WARNING:sandbox_linux.cc(420)] InitializeSandbox() called with multiple threads in process gpu-process.
[262550:262550:0326/170243.040514:WARNING:viz_main_impl.cc(85)] VizNullHypothesis is disabled (not a warning)
[262498:262498:0326/170247.404206:INFO:CONSOLE(1)] "Listener added for a 'DOMNodeInserted' mutation event. Support for this event type has been removed, and this event will no longer be fired. See https://chromestatus.com/feature/5083947249172480 for more information.", source: https://www.terabyteshop.com.br/cdn-cgi/scripts/7d0fa10a/cloudflare-static/rocket-loader.min.js (1)
[262498:262498:0326/170247.467554:INFO:CONSOLE(14)] "PWA não suportado neste navegador.", source:  (14)
[262498:262498:0326/170247.494407:INFO:CONSOLE(13)] "Swiper Loop Warning: The number of slides is not enough for loop mode, it will be disabled or not function properly. You need to add more slides (or make duplicates) or lower the values of slidesPerView and slidesPerGroup parameters", source: https://cdn.jsdelivr.net/npm/swiper@11/swiper-bundle.min.js (13)
[262498:262498:0326/170247.497644:INFO:CONSOLE(13)] "Swiper Loop Warning: The number of slides is not enough for loop mode, it will be disabled or not function properly. You need to add more slides (or make duplicates) or lower the values of slidesPerView and slidesPerGroup parameters", source: https://cdn.jsdelivr.net/npm/swiper@11/swiper-bundle.min.js (13)
[262498:262498:0326/170247.499452:INFO:CONSOLE(13)] "Swiper Loop Warning: The number of slides is not enough for loop mode, it will be disabled or not function properly. You need to add more slides (or make duplicates) or lower the values of slidesPerView and slidesPerGroup parameters", source: https://cdn.jsdelivr.net/npm/swiper@11/swiper-bundle.min.js (13)
[262498:262498:0326/170247.501116:INFO:CONSOLE(13)] "Swiper Loop Warning: The number of slides is not enough for loop mode, it will be disabled or not function properly. You need to add more slides (or make duplicates) or lower the values of slidesPerView and slidesPerGroup parameters", source: https://cdn.jsdelivr.net/npm/swiper@11/swiper-bundle.min.js (13)
[262498:262498:0326/170247.504333:INFO:CONSOLE(13)] "Swiper Loop Warning: The number of slides is not enough for loop mode, it will be disabled or not function properly. You need to add more slides (or make duplicates) or lower the values of slidesPerView and slidesPerGroup parameters", source: https://cdn.jsdelivr.net/npm/swiper@11/swiper-bundle.min.js (13)
[262498:262498:0326/170247.506129:INFO:CONSOLE(13)] "Swiper Loop Warning: The number of slides is not enough for loop mode, it will be disabled or not function properly. You need to add more slides (or make duplicates) or lower the values of slidesPerView and slidesPerGroup parameters", source: https://cdn.jsdelivr.net/npm/swiper@11/swiper-bundle.min.js (13)
[262498:262498:0326/170247.509059:INFO:CONSOLE(13)] "Swiper Loop Warning: The number of slides is not enough for loop mode, it will be disabled or not function properly. You need to add more slides (or make duplicates) or lower the values of slidesPerView and slidesPerGroup parameters", source: https://cdn.jsdelivr.net/npm/swiper@11/swiper-bundle.min.js (13)
[262498:262498:0326/170247.511677:INFO:CONSOLE(13)] "Swiper Loop Warning: The number of slides is not enough for loop mode, it will be disabled or not function properly. You need to add more slides (or make duplicates) or lower the values of slidesPerView and slidesPerGroup parameters", source: https://cdn.jsdelivr.net/npm/swiper@11/swiper-bundle.min.js (13)
[262498:262498:0326/170247.514073:INFO:CONSOLE(13)] "Swiper Loop Warning: The number of slides is not enough for loop mode, it will be disabled or not function properly. You need to add more slides (or make duplicates) or lower the values of slidesPerView and slidesPerGroup parameters", source: https://cdn.jsdelivr.net/npm/swiper@11/swiper-bundle.min.js (13)
[262498:262498:0326/170247.516112:INFO:CONSOLE(13)] "Swiper Loop Warning: The number of slides is not enough for loop mode, it will be disabled or not function properly. You need to add more slides (or make duplicates) or lower the values of slidesPerView and slidesPerGroup parameters", source: https://cdn.jsdelivr.net/npm/swiper@11/swiper-bundle.min.js (13)
[262498:262498:0326/170247.517820:INFO:CONSOLE(13)] "Swiper Loop Warning: The number of slides is not enough for loop mode, it will be disabled or not function properly. You need to add more slides (or make duplicates) or lower the values of slidesPerView and slidesPerGroup parameters", source: https://cdn.jsdelivr.net/npm/swiper@11/swiper-bundle.min.js (13)
[262498:262498:0326/170247.519219:INFO:CONSOLE(13)] "Swiper Loop Warning: The number of slides is not enough for loop mode, it will be disabled or not function properly. You need to add more slides (or make duplicates) or lower the values of slidesPerView and slidesPerGroup parameters", source: https://cdn.jsdelivr.net/npm/swiper@11/swiper-bundle.min.js (13)
[262498:262498:0326/170247.520689:INFO:CONSOLE(13)] "Swiper Loop Warning: The number of slides is not enough for loop mode, it will be disabled or not function properly. You need to add more slides (or make duplicates) or lower the values of slidesPerView and slidesPerGroup parameters", source: https://cdn.jsdelivr.net/npm/swiper@11/swiper-bundle.min.js (13)
[262498:262498:0326/170247.522536:INFO:CONSOLE(13)] "Swiper Loop Warning: The number of slides is not enough for loop mode, it will be disabled or not function properly. You need to add more slides (or make duplicates) or lower the values of slidesPerView and slidesPerGroup parameters", source: https://cdn.jsdelivr.net/npm/swiper@11/swiper-bundle.min.js (13)
[262498:262498:0326/170247.524844:INFO:CONSOLE(13)] "Swiper Loop Warning: The number of slides is not enough for loop mode, it will be disabled or not function properly. You need to add more slides (or make duplicates) or lower the values of slidesPerView and slidesPerGroup parameters", source: https://cdn.jsdelivr.net/npm/swiper@11/swiper-bundle.min.js (13)
[262498:262498:0326/170247.526902:INFO:CONSOLE(13)] "Swiper Loop Warning: The number of slides is not enough for loop mode, it will be disabled or not function properly. You need to add more slides (or make duplicates) or lower the values of slidesPerView and slidesPerGroup parameters", source: https://cdn.jsdelivr.net/npm/swiper@11/swiper-bundle.min.js (13)
[262498:262498:0326/170247.528802:INFO:CONSOLE(13)] "Swiper Loop Warning: The number of slides is not enough for loop mode, it will be disabled or not function properly. You need to add more slides (or make duplicates) or lower the values of slidesPerView and slidesPerGroup parameters", source: https://cdn.jsdelivr.net/npm/swiper@11/swiper-bundle.min.js (13)
[262498:262498:0326/170247.530875:INFO:CONSOLE(13)] "Swiper Loop Warning: The number of slides is not enough for loop mode, it will be disabled or not function properly. You need to add more slides (or make duplicates) or lower the values of slidesPerView and slidesPerGroup parameters", source: https://cdn.jsdelivr.net/npm/swiper@11/swiper-bundle.min.js (13)
[262498:262498:0326/170247.532716:INFO:CONSOLE(13)] "Swiper Loop Warning: The number of slides is not enough for loop mode, it will be disabled or not function properly. You need to add more slides (or make duplicates) or lower the values of slidesPerView and slidesPerGroup parameters", source: https://cdn.jsdelivr.net/npm/swiper@11/swiper-bundle.min.js (13)
[262498:262498:0326/170247.534413:INFO:CONSOLE(13)] "Swiper Loop Warning: The number of slides is not enough for loop mode, it will be disabled or not function properly. You need to add more slides (or make duplicates) or lower the values of slidesPerView and slidesPerGroup parameters", source: https://cdn.jsdelivr.net/npm/swiper@11/swiper-bundle.min.js (13)
[262498:262498:0326/170247.535917:INFO:CONSOLE(13)] "Swiper Loop Warning: The number of slides is not enough for loop mode, it will be disabled or not function properly. You need to add more slides (or make duplicates) or lower the values of slidesPerView and slidesPerGroup parameters", source: https://cdn.jsdelivr.net/npm/swiper@11/swiper-bundle.min.js (13)
[262498:262498:0326/170247.580703:INFO:CONSOLE(1)] "null", source: https://www.terabyteshop.com.br/js/lgpd-core.min.js?=v1743006901 (1)
[262498:262498:0326/170247.722047:INFO:CONSOLE(1)] "Uncaught (in promise) TypeError: Cannot set properties of null (setting 'innerHTML')", source: https://www.terabyteshop.com.br/js/app.min.js?=v1743006901 (1)
[262498:262498:0326/170247.746949:INFO:CONSOLE(1)] "Manifest: Line: 1, column: 1, Syntax error.", source: https://www.terabyteshop.com.br/hardware/manifest.json (1)
[262498:262498:0326/170247.763701:INFO:CONSOLE(0)] "<meta name="apple-mobile-web-app-capable" content="yes"> is deprecated. Please include <meta name="mobile-web-app-capable" content="yes">", source: https://www.terabyteshop.com.br/hardware/placas-de-video (0)
[262550:262550:0326/170250.603782:ERROR:gl_surface_presentation_helper.cc(260)] GetVSyncParametersIfAvailable() failed for 1 times!
[262550:262550:0326/170250.608168:ERROR:gl_surface_presentation_helper.cc(260)] GetVSyncParametersIfAvailable() failed for 2 times!
[262552:262574:0326/170252.308480:WARNING:sqlite_persistent_store_backend_base.cc(198)] Failed to post task from FlushAndNotifyInBackground@net/extras/sqlite/sqlite_persistent_store_backend_base.cc:248 to client_task_runner_.
[262552:262574:0326/170252.308651:WARNING:sqlite_persistent_store_backend_base.cc(198)] Failed to post task from FlushAndNotifyInBackground@net/extras/sqlite/sqlite_persistent_store_backend_base.cc:248 to client_task_runner_.
